[debug] [2022-05-08T17:46:58.199Z] ----------------------------------------------------------------------
[debug] [2022-05-08T17:46:58.201Z] Command:       C:\Program Files\nodejs\node.exe C:\Users\alvin\AppData\Roaming\npm\node_modules\firebase-tools\lib\bin\firebase.js deploy
[debug] [2022-05-08T17:46:58.202Z] CLI Version:   10.8.0
[debug] [2022-05-08T17:46:58.202Z] Platform:      win32
[debug] [2022-05-08T17:46:58.202Z] Node Version:  v16.13.1
[debug] [2022-05-08T17:46:58.204Z] Time:          Sun May 08 2022 23:46:58 GMT+0600 (Bangladesh Standard Time)
[debug] [2022-05-08T17:46:58.204Z] ----------------------------------------------------------------------
[debug] 
[debug] [2022-05-08T17:46:58.252Z] > command requires scopes: ["email","openid","https://www.googleapis.com/auth/cloudplatformprojects.readonly","https://www.googleapis.com/auth/firebase","https://www.googleapis.com/auth/cloud-platform"]
[debug] [2022-05-08T17:46:58.252Z] > authorizing via signed-in user (alvinarifin61@gmail.com)
[debug] [2022-05-08T17:46:58.253Z] [iam] checking project warehouse-management-23433 for permissions ["firebase.projects.get","firebasehosting.sites.update"]
[debug] [2022-05-08T17:46:58.254Z] >>> [apiv2][query] POST https://cloudresourcemanager.googleapis.com/v1/projects/warehouse-management-23433:testIamPermissions [none]
[debug] [2022-05-08T17:46:58.254Z] >>> [apiv2][body] POST https://cloudresourcemanager.googleapis.com/v1/projects/warehouse-management-23433:testIamPermissions {"permissions":["firebase.projects.get","firebasehosting.sites.update"]}
[debug] [2022-05-08T17:46:59.814Z] <<< [apiv2][status] POST https://cloudresourcemanager.googleapis.com/v1/projects/warehouse-management-23433:testIamPermissions 401
[debug] [2022-05-08T17:46:59.814Z] <<< [apiv2][body] POST https://cloudresourcemanager.googleapis.com/v1/projects/warehouse-management-23433:testIamPermissions {"error":{"code":401,"message":"Request had invalid authentication credentials. Expected OAuth 2 access token, login cookie or other valid authentication credential. See https://developers.google.com/identity/sign-in/web/devconsole-project.","status":"UNAUTHENTICATED","details":[{"@type":"type.googleapis.com/google.rpc.ErrorInfo","reason":"ACCESS_TOKEN_TYPE_UNSUPPORTED","metadata":{"method":"google.cloudresourcemanager.v1.Projects.TestIamPermissions","service":"cloudresourcemanager.googleapis.com"}}]}}
[debug] [2022-05-08T17:46:59.815Z] [iam] error while checking permissions, command may fail: FirebaseError: HTTP Error: 401, Request had invalid authentication credentials. Expected OAuth 2 access token, login cookie or other valid authentication credential. See https://developers.google.com/identity/sign-in/web/devconsole-project.
[debug] [2022-05-08T17:46:59.816Z] >>> [apiv2][query] GET https://firebase.googleapis.com/v1beta1/projects/warehouse-management-23433 [none]
[debug] [2022-05-08T17:47:00.394Z] <<< [apiv2][status] GET https://firebase.googleapis.com/v1beta1/projects/warehouse-management-23433 401
[debug] [2022-05-08T17:47:00.395Z] <<< [apiv2][body] GET https://firebase.googleapis.com/v1beta1/projects/warehouse-management-23433 {"error":{"code":401,"message":"Request had invalid authentication credentials. Expected OAuth 2 access token, login cookie or other valid authentication credential. See https://developers.google.com/identity/sign-in/web/devconsole-project.","status":"UNAUTHENTICATED"}}
[debug] [2022-05-08T17:47:00.395Z] HTTP Error: 401, Request had invalid authentication credentials. Expected OAuth 2 access token, login cookie or other valid authentication credential. See https://developers.google.com/identity/sign-in/web/devconsole-project.
[debug] [2022-05-08T17:47:00.757Z] FirebaseError: HTTP Error: 401, Request had invalid authentication credentials. Expected OAuth 2 access token, login cookie or other valid authentication credential. See https://developers.google.com/identity/sign-in/web/devconsole-project.
    at module.exports (C:\Users\alvin\AppData\Roaming\npm\node_modules\firebase-tools\lib\responseToError.js:47:12)
    at RetryOperation._fn (C:\Users\alvin\AppData\Roaming\npm\node_modules\firebase-tools\lib\apiv2.js:286:39)
    at processTicksAndRejections (node:internal/process/task_queues:96:5)
[error] 
[error] Error: Failed to get Firebase project warehouse-management-23433. Please make sure the project exists and your account has permission to access it.
